[RHI] TPS_RHI_BACKEND not set, defaulting to vulkan.
[2J[HTPS Engine Prototype | Controls: WASD move, SPACE shoot, Q quit
Frame 8 | HP 100 | Shots 0 | Kills 0 | Alive 96
..................................EE.........................EE.................................
.................................E.............................E................................
................................E...............................E...............................
................................E...............................E...............................
...............................E.................................E..............................
................................................................................................
..............................E...................................E.............................
.............................E.....................................E............................
.............................E.....................................E............................
............................E.......................................E...........................
................................................................................................
............................E.......................................E...........................
............................E.......................................E...........................
...........................E.........................................E..........................
................................................................................................
...........................E.........................................E..........................
...........................E....................P....................E..........................
...........................E.........................................E..........................
................................................................................................
...........................E.........................................E..........................
............................E.......................................E...........................
............................E.......................................E...........................
................................................................................................
............................E.......................................E...........................
.............................E.....................................E............................
.............................E.....................................E............................
..............................E...................................E.............................
................................................................................................
...............................E.................................E..............................
................................E...............................E...............................
................................E...............................E...............................
.................................E.............................E................................
Visibility: submitted=96 visible=96 culled=0 shadow_casters=0
Estimated shaded px=17472 overdraw px=4416 lighting_path=deferred-lite msaa=1x rhi=vulkan
CPU frame ms=0.02019 target=16.67 budget=OK
  pass visibility cpu_ms=0.012 gpu_ms=0.000 work=96 est_bytes=1920
  pass depth_prepass cpu_ms=0.000 gpu_ms=0.000 work=96 est_bytes=46080
  pass shadow cpu_ms=0.008 gpu_ms=0.000 work=0 est_bytes=0
  pass lighting cpu_ms=0.000 gpu_ms=0.000 work=96 est_bytes=43008
  pass transparent cpu_ms=0.000 gpu_ms=0.000 work=32 est_bytes=11520
  pass post cpu_ms=0.000 gpu_ms=0.000 work=3072 est_bytes=9216
[2J[HTPS Engine Prototype | Controls: WASD move, SPACE shoot, Q quit
Frame 16 | HP 100 | Shots 0 | Kills 0 | Alive 96
....................................E.......................E...................................
...................................E.........................E..................................
..................................E...........................E.................................
.................................E.............................E................................
................................E...............................E...............................
...............................E.................................E..............................
..............................E...................................E.............................
..............................E...................................E.............................
.............................E.....................................E............................
.............................E.....................................E............................
................................................................................................
............................E.......................................E...........................
............................E.......................................E...........................
............................E.......................................E...........................
................................................................................................
............................E.......................................E...........................
............................E...................P...................E...........................
............................E.......................................E...........................
................................................................................................
............................E.......................................E...........................
............................E.......................................E...........................
............................E.......................................E...........................
................................................................................................
.............................E.....................................E............................
.............................E.....................................E............................
..............................E...................................E.............................
..............................E...................................E.............................
...............................E.................................E..............................
................................E...............................E...............................
.................................E.............................E................................
..................................E...........................E.................................
...................................E.........................E..................................
Visibility: submitted=96 visible=96 culled=0 shadow_casters=0
Estimated shaded px=17472 overdraw px=4416 lighting_path=deferred-lite msaa=1x rhi=vulkan
CPU frame ms=0.035 target=16.670 budget=OK
  pass visibility cpu_ms=0.027 gpu_ms=0.000 work=96 est_bytes=1920
  pass depth_prepass cpu_ms=0.000 gpu_ms=0.000 work=96 est_bytes=46080
  pass shadow cpu_ms=0.007 gpu_ms=0.000 work=0 est_bytes=0
  pass lighting cpu_ms=0.000 gpu_ms=0.000 work=96 est_bytes=43008
  pass transparent cpu_ms=0.000 gpu_ms=0.000 work=32 est_bytes=11520
  pass post cpu_ms=0.000 gpu_ms=0.000 work=3072 est_bytes=9216
[2J[HTPS Engine Prototype | Controls: WASD move, SPACE shoot, Q quit
Frame 24 | HP 100 | Shots 0 | Kills 0 | Alive 96
....................................E.......................E...................................
...................................E.........................E..................................
..................................E...........................E.................................
.................................E.............................E................................
................................E...............................E...............................
...............................E.................................E..............................
...............................E.................................E..............................
..............................E...................................E.............................
..............................E...................................E.............................
................................................................................................
.............................E.....................................E............................
.............................E.....................................E............................
............................E.......................................E...........................
............................E.......................................E...........................
................................................................................................
............................E.......................................E...........................
............................E...................P...................E...........................
............................E.......................................E...........................
................................................................................................
............................E.......................................E...........................
............................E.......................................E...........................
.............................E.....................................E............................
.............................E.....................................E............................
................................................................................................
..............................E...................................E.............................
..............................E...................................E.............................
...............................E.................................E..............................
...............................E.................................E..............................
................................E...............................E...............................
.................................E.............................E................................
..................................E...........................E.................................
...................................E.........................E..................................
Visibility: submitted=96 visible=96 culled=0 shadow_casters=0
Estimated shaded px=17472 overdraw px=4416 lighting_path=deferred-lite msaa=1x rhi=vulkan
CPU frame ms=0.015 target=16.670 budget=OK
  pass visibility cpu_ms=0.009 gpu_ms=0.000 work=96 est_bytes=1920
  pass depth_prepass cpu_ms=0.000 gpu_ms=0.000 work=96 est_bytes=46080
  pass shadow cpu_ms=0.006 gpu_ms=0.000 work=0 est_bytes=0
  pass lighting cpu_ms=0.000 gpu_ms=0.000 work=96 est_bytes=43008
  pass transparent cpu_ms=0.000 gpu_ms=0.000 work=32 est_bytes=11520
  pass post cpu_ms=0.000 gpu_ms=0.000 work=3072 est_bytes=9216
[2J[HTPS Engine Prototype | Controls: WASD move, SPACE shoot, Q quit
Frame 32 | HP 100 | Shots 0 | Kills 0 | Alive 96
....................................EE.....................EE...................................
...................................E.........................E..................................
..................................E...........................E.................................
.................................E.............................E................................
................................E...............................E...............................
................................E...............................E...............................
...............................E.................................E..............................
..............................E...................................E.............................
..............................E...................................E.............................
................................................................................................
.............................E.....................................E............................
.............................E.....................................E............................
.............................E.....................................E............................
.............................E.....................................E............................
................................................................................................
............................E.......................................E...........................
............................E...................P...................E...........................
............................E.......................................E...........................
................................................................................................
.............................E.....................................E............................
.............................E.....................................E............................
.............................E.....................................E............................
.............................E.....................................E............................
................................................................................................
..............................E...................................E.............................
..............................E...................................E.............................
...............................E.................................E..............................
................................E...............................E...............................
................................E...............................E...............................
.................................E.............................E................................
..................................E...........................E.................................
...................................E.........................E..................................
Visibility: submitted=96 visible=96 culled=0 shadow_casters=0
Estimated shaded px=17472 overdraw px=4416 lighting_path=deferred-lite msaa=1x rhi=vulkan
CPU frame ms=0.021 target=16.670 budget=OK
  pass visibility cpu_ms=0.012 gpu_ms=0.000 work=96 est_bytes=1920
  pass depth_prepass cpu_ms=0.000 gpu_ms=0.000 work=96 est_bytes=46080
  pass shadow cpu_ms=0.008 gpu_ms=0.000 work=0 est_bytes=0
  pass lighting cpu_ms=0.000 gpu_ms=0.001 work=96 est_bytes=43008
  pass transparent cpu_ms=0.000 gpu_ms=0.000 work=32 est_bytes=11520
  pass post cpu_ms=0.000 gpu_ms=0.000 work=3072 est_bytes=9216
